{
"contracts/CoinDeed.sol":{"l":{"64":30,"65":30,"67":30,"68":30,"70":30,"71":30,"72":30,"73":30,"74":30,"76":30,"77":30,"78":30,"79":30,"81":30,"82":30,"87":35,"88":33,"94":3,"96":3,"97":6,"98":2,"101":3,"102":2,"107":2,"109":2,"110":2,"112":2,"113":2,"114":2,"116":2,"117":2,"122":44,"123":44,"124":44,"125":44,"126":44,"127":9,"128":9,"133":44,"134":44,"135":44,"136":44,"141":13,"143":12,"144":12,"148":1,"150":1,"151":1,"155":1,"157":1,"158":1,"163":1,"167":2,"171":2,"175":1,"176":1,"182":1,"183":1,"184":1,"185":1,"186":1,"197":3,"198":3,"199":3,"200":3,"204":2,"205":2,"206":2,"210":2,"211":2,"212":2,"217":2,"218":1,"219":1,"221":1,"222":1,"228":2,"229":2,"230":2,"234":1,"235":1,"239":5,"240":5,"241":5,"245":0,"246":0,"250":0,"251":0,"255":0,"259":0,"260":0,"261":0,"262":0,"263":0,"264":0,"266":0,"267":0,"268":0,"270":0,"274":1,"276":1,"277":1,"278":1,"279":1,"282":1,"283":0,"284":0,"286":0,"287":0,"289":0,"294":1,"295":0,"296":0,"298":0,"303":1,"304":0,"306":1,"308":1,"309":1,"313":0,"316":0,"317":0,"320":0,"323":0,"324":0,"329":0,"330":0,"331":0,"333":0,"337":0,"338":0,"339":0,"343":0,"345":0,"347":0,"349":0,"351":0,"352":0,"353":0,"357":0,"361":0,"369":34,"370":34,"371":34,"376":35,"377":35,"378":34,"382":35,"384":34,"388":4,"389":4,"391":4,"395":1,"399":2,"400":2,"401":2,"402":2,"403":2,"404":2,"406":2,"407":2,"411":1,"415":2,"416":2,"417":2,"419":2,"420":2},"path":"/Users/serkan/Dev/workspace/coin-deed-contracts/contracts/CoinDeed.sol","s":{"1":30,"2":30,"3":30,"4":30,"5":30,"6":30,"7":30,"8":30,"9":30,"10":30,"11":30,"12":30,"13":30,"14":30,"15":30,"16":35,"17":3,"18":3,"19":6,"20":2,"21":3,"22":2,"23":2,"24":2,"25":2,"26":2,"27":2,"28":2,"29":2,"30":44,"31":44,"32":44,"33":44,"34":44,"35":9,"36":9,"37":44,"38":44,"39":44,"40":44,"41":13,"42":12,"43":12,"44":1,"45":1,"46":1,"47":1,"48":1,"49":1,"50":1,"51":2,"52":2,"53":1,"54":1,"55":1,"56":1,"57":1,"58":1,"59":1,"60":3,"61":3,"62":3,"63":3,"64":2,"65":2,"66":2,"67":2,"68":2,"69":2,"70":2,"71":1,"72":1,"73":1,"74":1,"75":2,"76":2,"77":2,"78":1,"79":1,"80":5,"81":5,"82":5,"83":0,"84":0,"85":0,"86":0,"87":0,"88":0,"89":0,"90":0,"91":0,"92":0,"93":0,"94":0,"95":0,"96":0,"97":0,"98":1,"99":1,"100":1,"101":1,"102":1,"103":1,"104":0,"105":0,"106":0,"107":0,"108":0,"109":1,"110":0,"111":0,"112":0,"113":1,"114":0,"115":1,"116":1,"117":1,"118":0,"119":0,"120":0,"121":0,"122":0,"123":0,"124":0,"125":0,"126":0,"127":0,"128":0,"129":0,"130":0,"131":0,"132":0,"133":0,"134":0,"135":0,"136":0,"137":0,"138":0,"139":0,"140":34,"141":34,"142":34,"143":35,"144":35,"145":34,"146":35,"147":34,"148":4,"149":4,"150":4,"151":1,"152":2,"153":2,"154":2,"155":2,"156":2,"157":2,"158":2,"159":2,"160":1,"161":2,"162":2,"163":2,"164":2,"165":2},"b":{"1":[33,2],"2":[2,4],"3":[2,1],"4":[2,0],"5":[2,0],"6":[2,0],"7":[2,0],"8":[9,35],"9":[12,1],"10":[1,0],"11":[1,0],"12":[1,0],"13":[2,0],"14":[1,1],"15":[0,0],"16":[1,0],"17":[1,0],"18":[0,1],"19":[0,0],"20":[0,1],"21":[0,0],"22":[0,1],"23":[0,0],"24":[0,0],"25":[0,0],"26":[0,0],"27":[35,0],"28":[34,1],"29":[34,1],"30":[4,0]},"f":{"1":30,"2":35,"3":3,"4":2,"5":44,"6":44,"7":13,"8":1,"9":1,"10":1,"11":2,"12":2,"13":1,"14":1,"15":3,"16":2,"17":2,"18":2,"19":2,"20":1,"21":5,"22":0,"23":0,"24":0,"25":0,"26":1,"27":0,"28":0,"29":0,"30":0,"31":0,"32":34,"33":35,"34":35,"35":4,"36":1,"37":2,"38":1,"39":2},"fnMap":{"1":{"name":"constructor","line":54,"loc":{"start":{"line":54,"column":4},"end":{"line":83,"column":4}}},"2":{"name":"onlyInState","line":86,"loc":{"start":{"line":86,"column":4},"end":{"line":89,"column":4}}},"3":{"name":"onlyInStates","line":92,"loc":{"start":{"line":92,"column":4},"end":{"line":103,"column":4}}},"4":{"name":"reserveWholesale","line":106,"loc":{"start":{"line":106,"column":4},"end":{"line":118,"column":4}}},"5":{"name":"_checkIfDeedIsReady","line":120,"loc":{"start":{"line":120,"column":4},"end":{"line":130,"column":4}}},"6":{"name":"_stake","line":132,"loc":{"start":{"line":132,"column":4},"end":{"line":137,"column":4}}},"7":{"name":"stake","line":140,"loc":{"start":{"line":140,"column":4},"end":{"line":145,"column":4}}},"8":{"name":"stakeEth","line":147,"loc":{"start":{"line":147,"column":4},"end":{"line":152,"column":4}}},"9":{"name":"stakeDifferentToken","line":154,"loc":{"start":{"line":154,"column":4},"end":{"line":159,"column":4}}},"10":{"name":"editBrokerConfig","line":162,"loc":{"start":{"line":162,"column":4},"end":{"line":164,"column":4}}},"11":{"name":"editRiskMitigation","line":166,"loc":{"start":{"line":166,"column":4},"end":{"line":168,"column":4}}},"12":{"name":"editExecutionTime","line":170,"loc":{"start":{"line":170,"column":4},"end":{"line":172,"column":4}}},"13":{"name":"editBasicInfo","line":174,"loc":{"start":{"line":174,"column":4},"end":{"line":178,"column":4}}},"14":{"name":"exitDeed","line":180,"loc":{"start":{"line":180,"column":4},"end":{"line":188,"column":4}}},"15":{"name":"edit","line":195,"loc":{"start":{"line":190,"column":4},"end":{"line":201,"column":4}}},"16":{"name":"cancel","line":203,"loc":{"start":{"line":203,"column":4},"end":{"line":207,"column":4}}},"17":{"name":"withDrawStake","line":209,"loc":{"start":{"line":209,"column":4},"end":{"line":214,"column":4}}},"18":{"name":"buyInEth","line":216,"loc":{"start":{"line":216,"column":4},"end":{"line":225,"column":4}}},"19":{"name":"buyIn","line":227,"loc":{"start":{"line":227,"column":4},"end":{"line":231,"column":4}}},"20":{"name":"buyInDifferentToken","line":233,"loc":{"start":{"line":233,"column":4},"end":{"line":236,"column":4}}},"21":{"name":"_buyIn","line":238,"loc":{"start":{"line":238,"column":4},"end":{"line":242,"column":4}}},"22":{"name":"payOffEth","line":244,"loc":{"start":{"line":244,"column":4},"end":{"line":247,"column":4}}},"23":{"name":"payOffDifferentToken","line":249,"loc":{"start":{"line":249,"column":4},"end":{"line":252,"column":4}}},"24":{"name":"payOff","line":254,"loc":{"start":{"line":254,"column":4},"end":{"line":256,"column":4}}},"25":{"name":"_payOff","line":258,"loc":{"start":{"line":258,"column":4},"end":{"line":271,"column":4}}},"26":{"name":"buy","line":273,"loc":{"start":{"line":273,"column":4},"end":{"line":310,"column":4}}},"27":{"name":"claimBalance","line":312,"loc":{"start":{"line":312,"column":4},"end":{"line":340,"column":4}}},"28":{"name":"claimManagementFee","line":342,"loc":{"start":{"line":342,"column":4},"end":{"line":354,"column":4}}},"29":{"name":"_managementFee","line":356,"loc":{"start":{"line":356,"column":4},"end":{"line":358,"column":4}}},"30":{"name":"_managementFeeForSender","line":360,"loc":{"start":{"line":360,"column":4},"end":{"line":362,"column":4}}},"31":{"name":"changeLeverage","line":364,"loc":{"start":{"line":364,"column":4},"end":{"line":366,"column":4}}},"32":{"name":"_edit","line":368,"loc":{"start":{"line":368,"column":4},"end":{"line":373,"column":4}}},"33":{"name":"_editExecutionTime","line":375,"loc":{"start":{"line":375,"column":4},"end":{"line":379,"column":4}}},"34":{"name":"_editRiskMitigation","line":381,"loc":{"start":{"line":381,"column":4},"end":{"line":385,"column":4}}},"35":{"name":"_editBrokerConfig","line":387,"loc":{"start":{"line":387,"column":4},"end":{"line":392,"column":4}}},"36":{"name":"_swapToDeedCoin","line":394,"loc":{"start":{"line":394,"column":4},"end":{"line":396,"column":4}}},"37":{"name":"_swapTokenToToken","line":398,"loc":{"start":{"line":398,"column":4},"end":{"line":408,"column":4}}},"38":{"name":"_swapEthToDeedCoin","line":410,"loc":{"start":{"line":410,"column":4},"end":{"line":412,"column":4}}},"39":{"name":"_swapEthToToken","line":414,"loc":{"start":{"line":414,"column":4},"end":{"line":421,"column":4}}}},"statementMap":{"1":{"start":{"line":64,"column":8},"end":{"line":64,"column":68}},"2":{"start":{"line":65,"column":8},"end":{"line":65,"column":35}},"3":{"start":{"line":67,"column":8},"end":{"line":67,"column":36}},"4":{"start":{"line":68,"column":8},"end":{"line":68,"column":49}},"5":{"start":{"line":70,"column":8},"end":{"line":70,"column":53}},"6":{"start":{"line":71,"column":8},"end":{"line":71,"column":37}},"7":{"start":{"line":72,"column":8},"end":{"line":72,"column":43}},"8":{"start":{"line":73,"column":8},"end":{"line":73,"column":25}},"9":{"start":{"line":74,"column":8},"end":{"line":74,"column":19}},"10":{"start":{"line":76,"column":8},"end":{"line":76,"column":50}},"11":{"start":{"line":77,"column":8},"end":{"line":77,"column":41}},"12":{"start":{"line":78,"column":8},"end":{"line":78,"column":43}},"13":{"start":{"line":79,"column":8},"end":{"line":79,"column":35}},"14":{"start":{"line":81,"column":8},"end":{"line":81,"column":47}},"15":{"start":{"line":82,"column":8},"end":{"line":82,"column":37}},"16":{"start":{"line":87,"column":8},"end":{"line":87,"column":64}},"17":{"start":{"line":94,"column":8},"end":{"line":94,"column":26}},"18":{"start":{"line":96,"column":8},"end":{"line":96,"column":3118}},"19":{"start":{"line":97,"column":12},"end":{"line":97,"column":3177}},"20":{"start":{"line":98,"column":16},"end":{"line":98,"column":27}},"21":{"start":{"line":101,"column":8},"end":{"line":101,"column":54}},"22":{"start":{"line":107,"column":8},"end":{"line":107,"column":144}},"23":{"start":{"line":109,"column":8},"end":{"line":109,"column":105}},"24":{"start":{"line":110,"column":8},"end":{"line":110,"column":92}},"25":{"start":{"line":112,"column":8},"end":{"line":112,"column":113}},"26":{"start":{"line":113,"column":8},"end":{"line":113,"column":117}},"27":{"start":{"line":114,"column":8},"end":{"line":114,"column":97}},"28":{"start":{"line":116,"column":8},"end":{"line":116,"column":48}},"29":{"start":{"line":117,"column":8},"end":{"line":117,"column":27}},"30":{"start":{"line":122,"column":8},"end":{"line":122,"column":48}},"31":{"start":{"line":123,"column":8},"end":{"line":123,"column":28}},"32":{"start":{"line":124,"column":8},"end":{"line":124,"column":35}},"33":{"start":{"line":125,"column":8},"end":{"line":125,"column":76}},"34":{"start":{"line":126,"column":8},"end":{"line":126,"column":4422}},"35":{"start":{"line":127,"column":12},"end":{"line":127,"column":51}},"36":{"start":{"line":128,"column":12},"end":{"line":128,"column":50}},"37":{"start":{"line":133,"column":8},"end":{"line":133,"column":51}},"38":{"start":{"line":134,"column":8},"end":{"line":134,"column":27}},"39":{"start":{"line":135,"column":8},"end":{"line":135,"column":55}},"40":{"start":{"line":136,"column":8},"end":{"line":136,"column":28}},"41":{"start":{"line":141,"column":8},"end":{"line":141,"column":117}},"42":{"start":{"line":143,"column":8},"end":{"line":143,"column":64}},"43":{"start":{"line":144,"column":8},"end":{"line":144,"column":33}},"44":{"start":{"line":148,"column":8},"end":{"line":148,"column":117}},"45":{"start":{"line":150,"column":8},"end":{"line":150,"column":63}},"46":{"start":{"line":151,"column":8},"end":{"line":151,"column":42}},"47":{"start":{"line":155,"column":8},"end":{"line":155,"column":117}},"48":{"start":{"line":157,"column":8},"end":{"line":157,"column":71}},"49":{"start":{"line":158,"column":8},"end":{"line":158,"column":42}},"50":{"start":{"line":163,"column":8},"end":{"line":163,"column":39}},"51":{"start":{"line":167,"column":8},"end":{"line":167,"column":43}},"52":{"start":{"line":171,"column":8},"end":{"line":171,"column":41}},"53":{"start":{"line":175,"column":8},"end":{"line":175,"column":105}},"54":{"start":{"line":176,"column":8},"end":{"line":176,"column":50}},"55":{"start":{"line":182,"column":8},"end":{"line":182,"column":43}},"56":{"start":{"line":183,"column":8},"end":{"line":183,"column":29}},"57":{"start":{"line":184,"column":8},"end":{"line":184,"column":42}},"58":{"start":{"line":185,"column":8},"end":{"line":185,"column":41}},"59":{"start":{"line":186,"column":8},"end":{"line":186,"column":55}},"60":{"start":{"line":197,"column":8},"end":{"line":197,"column":50}},"61":{"start":{"line":198,"column":8},"end":{"line":198,"column":41}},"62":{"start":{"line":199,"column":8},"end":{"line":199,"column":43}},"63":{"start":{"line":200,"column":8},"end":{"line":200,"column":39}},"64":{"start":{"line":204,"column":8},"end":{"line":204,"column":50}},"65":{"start":{"line":205,"column":8},"end":{"line":205,"column":51}},"66":{"start":{"line":206,"column":8},"end":{"line":206,"column":26}},"67":{"start":{"line":210,"column":8},"end":{"line":210,"column":79}},"68":{"start":{"line":211,"column":8},"end":{"line":211,"column":57}},"69":{"start":{"line":212,"column":8},"end":{"line":212,"column":29}},"70":{"start":{"line":217,"column":8},"end":{"line":217,"column":8415}},"71":{"start":{"line":218,"column":12},"end":{"line":218,"column":51}},"72":{"start":{"line":219,"column":12},"end":{"line":219,"column":28}},"73":{"start":{"line":221,"column":12},"end":{"line":221,"column":73}},"74":{"start":{"line":222,"column":12},"end":{"line":222,"column":30}},"75":{"start":{"line":228,"column":8},"end":{"line":228,"column":43}},"76":{"start":{"line":229,"column":8},"end":{"line":229,"column":61}},"77":{"start":{"line":230,"column":8},"end":{"line":230,"column":21}},"78":{"start":{"line":234,"column":8},"end":{"line":234,"column":82}},"79":{"start":{"line":235,"column":8},"end":{"line":235,"column":26}},"80":{"start":{"line":239,"column":8},"end":{"line":239,"column":41}},"81":{"start":{"line":240,"column":8},"end":{"line":240,"column":55}},"82":{"start":{"line":241,"column":8},"end":{"line":241,"column":52}},"83":{"start":{"line":245,"column":8},"end":{"line":245,"column":76}},"84":{"start":{"line":246,"column":8},"end":{"line":246,"column":27}},"85":{"start":{"line":250,"column":8},"end":{"line":250,"column":89}},"86":{"start":{"line":251,"column":8},"end":{"line":251,"column":27}},"87":{"start":{"line":255,"column":8},"end":{"line":255,"column":22}},"88":{"start":{"line":259,"column":8},"end":{"line":259,"column":10163}},"89":{"start":{"line":260,"column":12},"end":{"line":260,"column":55}},"90":{"start":{"line":261,"column":12},"end":{"line":261,"column":32}},"91":{"start":{"line":262,"column":12},"end":{"line":262,"column":56}},"92":{"start":{"line":263,"column":12},"end":{"line":263,"column":47}},"93":{"start":{"line":264,"column":12},"end":{"line":264,"column":68}},"94":{"start":{"line":266,"column":12},"end":{"line":266,"column":44}},"95":{"start":{"line":267,"column":12},"end":{"line":267,"column":60}},"96":{"start":{"line":268,"column":12},"end":{"line":268,"column":57}},"97":{"start":{"line":270,"column":8},"end":{"line":270,"column":53}},"98":{"start":{"line":274,"column":8},"end":{"line":274,"column":117}},"99":{"start":{"line":276,"column":8},"end":{"line":276,"column":42}},"100":{"start":{"line":277,"column":8},"end":{"line":277,"column":11032}},"101":{"start":{"line":278,"column":12},"end":{"line":278,"column":109}},"102":{"start":{"line":279,"column":12},"end":{"line":279,"column":101}},"103":{"start":{"line":282,"column":12},"end":{"line":282,"column":11361}},"104":{"start":{"line":283,"column":16},"end":{"line":283,"column":11430}},"105":{"start":{"line":284,"column":20},"end":{"line":284,"column":100}},"106":{"start":{"line":286,"column":20},"end":{"line":286,"column":100}},"107":{"start":{"line":287,"column":20},"end":{"line":287,"column":65}},"108":{"start":{"line":289,"column":16},"end":{"line":289,"column":73}},"109":{"start":{"line":294,"column":8},"end":{"line":294,"column":11959}},"110":{"start":{"line":295,"column":12},"end":{"line":295,"column":11999}},"111":{"start":{"line":296,"column":16},"end":{"line":296,"column":57}},"112":{"start":{"line":298,"column":16},"end":{"line":298,"column":72}},"113":{"start":{"line":303,"column":8},"end":{"line":303,"column":12268}},"114":{"start":{"line":304,"column":12},"end":{"line":304,"column":46}},"115":{"start":{"line":306,"column":12},"end":{"line":306,"column":69}},"116":{"start":{"line":308,"column":8},"end":{"line":308,"column":46}},"117":{"start":{"line":309,"column":8},"end":{"line":309,"column":46}},"118":{"start":{"line":313,"column":8},"end":{"line":313,"column":43}},"119":{"start":{"line":316,"column":8},"end":{"line":316,"column":38}},"120":{"start":{"line":317,"column":8},"end":{"line":317,"column":66}},"121":{"start":{"line":320,"column":8},"end":{"line":320,"column":84}},"122":{"start":{"line":323,"column":8},"end":{"line":323,"column":13111}},"123":{"start":{"line":324,"column":12},"end":{"line":324,"column":36}},"124":{"start":{"line":329,"column":8},"end":{"line":329,"column":13359}},"125":{"start":{"line":330,"column":12},"end":{"line":330,"column":101}},"126":{"start":{"line":331,"column":12},"end":{"line":331,"column":35}},"127":{"start":{"line":333,"column":12},"end":{"line":333,"column":64}},"128":{"start":{"line":337,"column":8},"end":{"line":337,"column":56}},"129":{"start":{"line":338,"column":8},"end":{"line":338,"column":29}},"130":{"start":{"line":339,"column":8},"end":{"line":339,"column":49}},"131":{"start":{"line":343,"column":8},"end":{"line":343,"column":117}},"132":{"start":{"line":345,"column":8},"end":{"line":345,"column":47}},"133":{"start":{"line":347,"column":8},"end":{"line":347,"column":55}},"134":{"start":{"line":349,"column":8},"end":{"line":349,"column":52}},"135":{"start":{"line":351,"column":8},"end":{"line":351,"column":35}},"136":{"start":{"line":352,"column":8},"end":{"line":352,"column":49}},"137":{"start":{"line":353,"column":8},"end":{"line":353,"column":41}},"138":{"start":{"line":357,"column":8},"end":{"line":357,"column":56}},"139":{"start":{"line":361,"column":8},"end":{"line":361,"column":71}},"140":{"start":{"line":369,"column":8},"end":{"line":369,"column":27}},"141":{"start":{"line":370,"column":8},"end":{"line":370,"column":27}},"142":{"start":{"line":371,"column":8},"end":{"line":371,"column":37}},"143":{"start":{"line":376,"column":8},"end":{"line":376,"column":94}},"144":{"start":{"line":377,"column":8},"end":{"line":377,"column":109}},"145":{"start":{"line":378,"column":8},"end":{"line":378,"column":37}},"146":{"start":{"line":382,"column":8},"end":{"line":382,"column":132}},"147":{"start":{"line":384,"column":8},"end":{"line":384,"column":39}},"148":{"start":{"line":388,"column":8},"end":{"line":388,"column":15627}},"149":{"start":{"line":389,"column":12},"end":{"line":389,"column":47}},"150":{"start":{"line":391,"column":8},"end":{"line":391,"column":35}},"151":{"start":{"line":395,"column":8},"end":{"line":395,"column":74}},"152":{"start":{"line":399,"column":8},"end":{"line":399,"column":45}},"153":{"start":{"line":400,"column":8},"end":{"line":400,"column":61}},"154":{"start":{"line":401,"column":8},"end":{"line":401,"column":54}},"155":{"start":{"line":402,"column":8},"end":{"line":402,"column":48}},"156":{"start":{"line":403,"column":8},"end":{"line":403,"column":30}},"157":{"start":{"line":404,"column":8},"end":{"line":404,"column":30}},"158":{"start":{"line":406,"column":8},"end":{"line":406,"column":125}},"159":{"start":{"line":407,"column":8},"end":{"line":407,"column":25}},"160":{"start":{"line":411,"column":8},"end":{"line":411,"column":58}},"161":{"start":{"line":415,"column":8},"end":{"line":415,"column":48}},"162":{"start":{"line":416,"column":8},"end":{"line":416,"column":21}},"163":{"start":{"line":417,"column":8},"end":{"line":417,"column":31}},"164":{"start":{"line":419,"column":8},"end":{"line":419,"column":130}},"165":{"start":{"line":420,"column":8},"end":{"line":420,"column":25}}},"branchMap":{"1":{"line":87,"type":"if","locations":[{"start":{"line":87,"column":8},"end":{"line":87,"column":8}},{"start":{"line":87,"column":8},"end":{"line":87,"column":8}}]},"2":{"line":97,"type":"if","locations":[{"start":{"line":97,"column":12},"end":{"line":97,"column":12}},{"start":{"line":97,"column":12},"end":{"line":97,"column":12}}]},"3":{"line":101,"type":"if","locations":[{"start":{"line":101,"column":8},"end":{"line":101,"column":8}},{"start":{"line":101,"column":8},"end":{"line":101,"column":8}}]},"4":{"line":107,"type":"if","locations":[{"start":{"line":107,"column":8},"end":{"line":107,"column":8}},{"start":{"line":107,"column":8},"end":{"line":107,"column":8}}]},"5":{"line":112,"type":"if","locations":[{"start":{"line":112,"column":8},"end":{"line":112,"column":8}},{"start":{"line":112,"column":8},"end":{"line":112,"column":8}}]},"6":{"line":113,"type":"if","locations":[{"start":{"line":113,"column":8},"end":{"line":113,"column":8}},{"start":{"line":113,"column":8},"end":{"line":113,"column":8}}]},"7":{"line":114,"type":"if","locations":[{"start":{"line":114,"column":8},"end":{"line":114,"column":8}},{"start":{"line":114,"column":8},"end":{"line":114,"column":8}}]},"8":{"line":126,"type":"if","locations":[{"start":{"line":126,"column":8},"end":{"line":126,"column":8}},{"start":{"line":126,"column":8},"end":{"line":126,"column":8}}]},"9":{"line":141,"type":"if","locations":[{"start":{"line":141,"column":8},"end":{"line":141,"column":8}},{"start":{"line":141,"column":8},"end":{"line":141,"column":8}}]},"10":{"line":148,"type":"if","locations":[{"start":{"line":148,"column":8},"end":{"line":148,"column":8}},{"start":{"line":148,"column":8},"end":{"line":148,"column":8}}]},"11":{"line":155,"type":"if","locations":[{"start":{"line":155,"column":8},"end":{"line":155,"column":8}},{"start":{"line":155,"column":8},"end":{"line":155,"column":8}}]},"12":{"line":175,"type":"if","locations":[{"start":{"line":175,"column":8},"end":{"line":175,"column":8}},{"start":{"line":175,"column":8},"end":{"line":175,"column":8}}]},"13":{"line":210,"type":"if","locations":[{"start":{"line":210,"column":8},"end":{"line":210,"column":8}},{"start":{"line":210,"column":8},"end":{"line":210,"column":8}}]},"14":{"line":217,"type":"if","locations":[{"start":{"line":217,"column":8},"end":{"line":217,"column":8}},{"start":{"line":217,"column":8},"end":{"line":217,"column":8}}]},"15":{"line":259,"type":"if","locations":[{"start":{"line":259,"column":8},"end":{"line":259,"column":8}},{"start":{"line":259,"column":8},"end":{"line":259,"column":8}}]},"16":{"line":274,"type":"if","locations":[{"start":{"line":274,"column":8},"end":{"line":274,"column":8}},{"start":{"line":274,"column":8},"end":{"line":274,"column":8}}]},"17":{"line":277,"type":"if","locations":[{"start":{"line":277,"column":8},"end":{"line":277,"column":8}},{"start":{"line":277,"column":8},"end":{"line":277,"column":8}}]},"18":{"line":282,"type":"if","locations":[{"start":{"line":282,"column":12},"end":{"line":282,"column":12}},{"start":{"line":282,"column":12},"end":{"line":282,"column":12}}]},"19":{"line":283,"type":"if","locations":[{"start":{"line":283,"column":16},"end":{"line":283,"column":16}},{"start":{"line":283,"column":16},"end":{"line":283,"column":16}}]},"20":{"line":294,"type":"if","locations":[{"start":{"line":294,"column":8},"end":{"line":294,"column":8}},{"start":{"line":294,"column":8},"end":{"line":294,"column":8}}]},"21":{"line":295,"type":"if","locations":[{"start":{"line":295,"column":12},"end":{"line":295,"column":12}},{"start":{"line":295,"column":12},"end":{"line":295,"column":12}}]},"22":{"line":303,"type":"if","locations":[{"start":{"line":303,"column":8},"end":{"line":303,"column":8}},{"start":{"line":303,"column":8},"end":{"line":303,"column":8}}]},"23":{"line":323,"type":"if","locations":[{"start":{"line":323,"column":8},"end":{"line":323,"column":8}},{"start":{"line":323,"column":8},"end":{"line":323,"column":8}}]},"24":{"line":329,"type":"if","locations":[{"start":{"line":329,"column":8},"end":{"line":329,"column":8}},{"start":{"line":329,"column":8},"end":{"line":329,"column":8}}]},"25":{"line":343,"type":"if","locations":[{"start":{"line":343,"column":8},"end":{"line":343,"column":8}},{"start":{"line":343,"column":8},"end":{"line":343,"column":8}}]},"26":{"line":347,"type":"if","locations":[{"start":{"line":347,"column":8},"end":{"line":347,"column":8}},{"start":{"line":347,"column":8},"end":{"line":347,"column":8}}]},"27":{"line":376,"type":"if","locations":[{"start":{"line":376,"column":8},"end":{"line":376,"column":8}},{"start":{"line":376,"column":8},"end":{"line":376,"column":8}}]},"28":{"line":377,"type":"if","locations":[{"start":{"line":377,"column":8},"end":{"line":377,"column":8}},{"start":{"line":377,"column":8},"end":{"line":377,"column":8}}]},"29":{"line":382,"type":"if","locations":[{"start":{"line":382,"column":8},"end":{"line":382,"column":8}},{"start":{"line":382,"column":8},"end":{"line":382,"column":8}}]},"30":{"line":388,"type":"if","locations":[{"start":{"line":388,"column":8},"end":{"line":388,"column":8}},{"start":{"line":388,"column":8},"end":{"line":388,"column":8}}]}}},
"contracts/CoinDeedFactory.sol":{"l":{"33":12,"34":12,"35":12,"37":12,"38":12,"39":12,"55":30,"59":30,"63":30,"67":30,"71":30,"75":30,"89":30,"90":30,"91":30,"92":30,"93":30,"94":30,"96":30,"97":2,"103":0,"107":0,"111":2,"119":1,"126":44,"136":10,"145":0,"154":0,"164":5,"175":1,"186":0,"196":0,"203":4},"path":"/Users/serkan/Dev/workspace/coin-deed-contracts/contracts/CoinDeedFactory.sol","s":{"1":12,"2":12,"3":12,"4":12,"5":12,"6":12,"7":30,"8":30,"9":30,"10":30,"11":30,"12":30,"13":30,"14":30,"15":30,"16":30,"17":30,"18":30,"19":30,"20":2,"21":0,"22":0,"23":2,"24":1,"25":44,"26":10,"27":0,"28":0,"29":5,"30":1,"31":0,"32":0,"33":4},"b":{"1":[30,0],"2":[30,0],"3":[30,0],"4":[30,0],"5":[30,0],"6":[2,28]},"f":{"1":12,"2":30,"3":0,"4":0,"5":2,"6":1,"7":44,"8":10,"9":0,"10":0,"11":5,"12":1,"13":0,"14":0,"15":4},"fnMap":{"1":{"name":"constructor","line":32,"loc":{"start":{"line":32,"column":4},"end":{"line":40,"column":4}}},"2":{"name":"createDeed","line":44,"loc":{"start":{"line":44,"column":4},"end":{"line":100,"column":4}}},"3":{"name":"openDeedCount","line":102,"loc":{"start":{"line":102,"column":4},"end":{"line":104,"column":4}}},"4":{"name":"completedDeedCount","line":106,"loc":{"start":{"line":106,"column":4},"end":{"line":108,"column":4}}},"5":{"name":"pendingDeedCount","line":110,"loc":{"start":{"line":110,"column":4},"end":{"line":112,"column":4}}},"6":{"name":"setMaxLeverage","line":117,"loc":{"start":{"line":114,"column":4},"end":{"line":120,"column":4}}},"7":{"name":"emitStakeAdded","line":122,"loc":{"start":{"line":122,"column":4},"end":{"line":131,"column":4}}},"8":{"name":"emitStateChanged","line":133,"loc":{"start":{"line":133,"column":4},"end":{"line":140,"column":4}}},"9":{"name":"emitDeedCanceled","line":142,"loc":{"start":{"line":142,"column":4},"end":{"line":149,"column":4}}},"10":{"name":"emitSwapExecuted","line":151,"loc":{"start":{"line":151,"column":4},"end":{"line":158,"column":4}}},"11":{"name":"emitBuyIn","line":160,"loc":{"start":{"line":160,"column":4},"end":{"line":169,"column":4}}},"12":{"name":"emitExitDeed","line":171,"loc":{"start":{"line":171,"column":4},"end":{"line":180,"column":4}}},"13":{"name":"emitPayOff","line":182,"loc":{"start":{"line":182,"column":4},"end":{"line":191,"column":4}}},"14":{"name":"emitLeverageChanged","line":193,"loc":{"start":{"line":193,"column":4},"end":{"line":200,"column":4}}},"15":{"name":"emitBrokersEnabled","line":202,"loc":{"start":{"line":202,"column":4},"end":{"line":206,"column":4}}}},"statementMap":{"1":{"start":{"line":33,"column":8},"end":{"line":33,"column":43}},"2":{"start":{"line":34,"column":8},"end":{"line":34,"column":57}},"3":{"start":{"line":35,"column":8},"end":{"line":35,"column":33}},"4":{"start":{"line":37,"column":8},"end":{"line":37,"column":51}},"5":{"start":{"line":38,"column":8},"end":{"line":38,"column":43}},"6":{"start":{"line":39,"column":8},"end":{"line":39,"column":52}},"7":{"start":{"line":55,"column":8},"end":{"line":55,"column":1842}},"8":{"start":{"line":59,"column":8},"end":{"line":59,"column":2009}},"9":{"start":{"line":63,"column":8},"end":{"line":63,"column":2145}},"10":{"start":{"line":67,"column":8},"end":{"line":67,"column":2318}},"11":{"start":{"line":71,"column":8},"end":{"line":71,"column":2440}},"12":{"start":{"line":75,"column":8},"end":{"line":75,"column":2565}},"13":{"start":{"line":89,"column":8},"end":{"line":89,"column":75}},"14":{"start":{"line":90,"column":8},"end":{"line":90,"column":32}},"15":{"start":{"line":91,"column":8},"end":{"line":91,"column":48}},"16":{"start":{"line":92,"column":8},"end":{"line":92,"column":34}},"17":{"start":{"line":93,"column":8},"end":{"line":93,"column":53}},"18":{"start":{"line":94,"column":8},"end":{"line":94,"column":63}},"19":{"start":{"line":96,"column":8},"end":{"line":96,"column":3219}},"20":{"start":{"line":97,"column":12},"end":{"line":97,"column":49}},"21":{"start":{"line":103,"column":8},"end":{"line":103,"column":33}},"22":{"start":{"line":107,"column":8},"end":{"line":107,"column":38}},"23":{"start":{"line":111,"column":8},"end":{"line":111,"column":36}},"24":{"start":{"line":119,"column":8},"end":{"line":119,"column":33}},"25":{"start":{"line":126,"column":4},"end":{"line":126,"column":3923}},"26":{"start":{"line":136,"column":8},"end":{"line":136,"column":4110}},"27":{"start":{"line":145,"column":8},"end":{"line":145,"column":4282}},"28":{"start":{"line":154,"column":8},"end":{"line":154,"column":4460}},"29":{"start":{"line":164,"column":8},"end":{"line":164,"column":4649}},"30":{"start":{"line":175,"column":8},"end":{"line":175,"column":4848}},"31":{"start":{"line":186,"column":8},"end":{"line":186,"column":5048}},"32":{"start":{"line":196,"column":8},"end":{"line":196,"column":5240}},"33":{"start":{"line":203,"column":8},"end":{"line":203,"column":5393}}},"branchMap":{"1":{"line":55,"type":"if","locations":[{"start":{"line":55,"column":8},"end":{"line":55,"column":8}},{"start":{"line":55,"column":8},"end":{"line":55,"column":8}}]},"2":{"line":59,"type":"if","locations":[{"start":{"line":59,"column":8},"end":{"line":59,"column":8}},{"start":{"line":59,"column":8},"end":{"line":59,"column":8}}]},"3":{"line":63,"type":"if","locations":[{"start":{"line":63,"column":8},"end":{"line":63,"column":8}},{"start":{"line":63,"column":8},"end":{"line":63,"column":8}}]},"4":{"line":67,"type":"if","locations":[{"start":{"line":67,"column":8},"end":{"line":67,"column":8}},{"start":{"line":67,"column":8},"end":{"line":67,"column":8}}]},"5":{"line":71,"type":"if","locations":[{"start":{"line":71,"column":8},"end":{"line":71,"column":8}},{"start":{"line":71,"column":8},"end":{"line":71,"column":8}}]},"6":{"line":96,"type":"if","locations":[{"start":{"line":96,"column":8},"end":{"line":96,"column":8}},{"start":{"line":96,"column":8},"end":{"line":96,"column":8}}]}}},
"contracts/interface/ICoinDeed.sol":{"l":{},"path":"/Users/serkan/Dev/workspace/coin-deed-contracts/contracts/interface/ICoinDeed.sol","s":{},"b":{},"f":{},"fnMap":{},"statementMap":{},"branchMap":{}},
"contracts/interface/ICoinDeedFactory.sol":{"l":{},"path":"/Users/serkan/Dev/workspace/coin-deed-contracts/contracts/interface/ICoinDeedFactory.sol","s":{},"b":{},"f":{},"fnMap":{},"statementMap":{},"branchMap":{}},
"contracts/interface/IUniswapV2Factory.sol":{"l":{},"path":"/Users/serkan/Dev/workspace/coin-deed-contracts/contracts/interface/IUniswapV2Factory.sol","s":{},"b":{},"f":{},"fnMap":{},"statementMap":{},"branchMap":{}},
"contracts/interface/IUniswapV2Router02.sol":{"l":{},"path":"/Users/serkan/Dev/workspace/coin-deed-contracts/contracts/interface/IUniswapV2Router02.sol","s":{},"b":{},"f":{},"fnMap":{},"statementMap":{},"branchMap":{}},
"contracts/interface/IWholesaleFactory.sol":{"l":{},"path":"/Users/serkan/Dev/workspace/coin-deed-contracts/contracts/interface/IWholesaleFactory.sol","s":{},"b":{},"f":{},"fnMap":{},"statementMap":{},"branchMap":{}},
"contracts/test/DummyERC20.sol":{"l":{"10":156,"11":156,"15":50},"path":"/Users/serkan/Dev/workspace/coin-deed-contracts/contracts/test/DummyERC20.sol","s":{"1":156,"2":156,"3":50},"b":{},"f":{"1":156,"2":50},"fnMap":{"1":{"name":"constructor","line":9,"loc":{"start":{"line":9,"column":4},"end":{"line":12,"column":4}}},"2":{"name":"mint","line":14,"loc":{"start":{"line":14,"column":4},"end":{"line":16,"column":4}}}},"statementMap":{"1":{"start":{"line":10,"column":8},"end":{"line":10,"column":51}},"2":{"start":{"line":11,"column":8},"end":{"line":11,"column":33}},"3":{"start":{"line":15,"column":8},"end":{"line":15,"column":30}}},"branchMap":{}},
"contracts/Token.sol":{"l":{"14":18,"15":18,"16":18,"17":18,"18":18,"22":4,"27":2},"path":"/Users/serkan/Dev/workspace/coin-deed-contracts/contracts/Token.sol","s":{"1":18,"2":18,"3":18,"4":18,"5":18,"6":4,"7":2},"b":{},"f":{"1":18,"2":4,"3":2},"fnMap":{"1":{"name":"constructor","line":13,"loc":{"start":{"line":13,"column":4},"end":{"line":19,"column":4}}},"2":{"name":"mint","line":21,"loc":{"start":{"line":21,"column":4},"end":{"line":23,"column":4}}},"3":{"name":"burn","line":26,"loc":{"start":{"line":26,"column":4},"end":{"line":28,"column":4}}}},"statementMap":{"1":{"start":{"line":14,"column":8},"end":{"line":14,"column":51}},"2":{"start":{"line":15,"column":8},"end":{"line":15,"column":39}},"3":{"start":{"line":16,"column":8},"end":{"line":16,"column":48}},"4":{"start":{"line":17,"column":8},"end":{"line":17,"column":39}},"5":{"start":{"line":18,"column":8},"end":{"line":18,"column":48}},"6":{"start":{"line":22,"column":8},"end":{"line":22,"column":26}},"7":{"start":{"line":27,"column":8},"end":{"line":27,"column":31}}},"branchMap":{}},
"contracts/WholesaleFactory.sol":{"l":{"26":13,"30":9,"34":5,"38":4,"42":27,"46":22,"50":18,"54":17,"58":10,"62":5,"66":0,"70":2,"82":23,"83":23,"84":23,"102":3,"103":3,"104":3,"124":26,"125":26,"126":26,"127":26,"138":26,"139":26,"140":26,"144":3,"145":1,"148":2,"149":0,"152":2,"153":1,"155":1,"163":3,"164":1,"167":2,"169":2,"170":2,"174":2,"176":2,"177":2,"178":2,"180":2,"181":1,"182":1,"184":1,"187":1,"197":1,"206":13,"212":13,"213":13,"214":13,"216":13,"217":13,"218":13,"220":13,"221":13,"230":1,"231":1,"232":1,"234":1,"235":1,"236":1,"238":1,"239":1,"251":4,"252":0,"256":0,"259":0,"260":0,"263":4,"264":4,"270":4,"271":1,"273":3,"274":3,"280":4,"281":4,"283":4,"284":4,"285":4,"287":4,"288":4,"297":9,"306":1,"310":1,"315":1,"316":1,"320":3,"321":0,"323":3,"324":3},"path":"/Users/serkan/Dev/workspace/coin-deed-contracts/contracts/WholesaleFactory.sol","s":{"1":13,"2":5,"3":27,"4":18,"5":10,"6":5,"7":0,"8":2,"9":23,"10":23,"11":23,"12":3,"13":3,"14":3,"15":26,"16":26,"17":26,"18":26,"19":26,"20":26,"21":26,"22":3,"23":1,"24":2,"25":0,"26":2,"27":1,"28":1,"29":3,"30":1,"31":2,"32":2,"33":2,"34":2,"35":2,"36":2,"37":2,"38":2,"39":1,"40":1,"41":1,"42":1,"43":1,"44":1,"45":13,"46":13,"47":13,"48":13,"49":13,"50":13,"51":13,"52":13,"53":13,"54":1,"55":1,"56":1,"57":1,"58":1,"59":1,"60":1,"61":1,"62":4,"63":0,"64":0,"65":0,"66":0,"67":4,"68":4,"69":4,"70":1,"71":3,"72":3,"73":4,"74":4,"75":4,"76":4,"77":4,"78":4,"79":4,"80":9,"81":1,"82":1,"83":1,"84":1,"85":3,"86":0,"87":3,"88":3},"b":{"1":[9,4],"2":[4,1],"3":[22,5],"4":[17,1],"5":[1,2],"6":[0,2],"7":[1,1],"8":[1,2],"9":[1,1],"10":[1,0],"11":[13,0],"12":[0,4],"13":[0,0],"14":[0,0],"15":[1,3],"16":[0,3]},"f":{"1":13,"2":5,"3":27,"4":18,"5":10,"6":5,"7":0,"8":2,"9":23,"10":3,"11":26,"12":3,"13":3,"14":1,"15":13,"16":1,"17":4,"18":9,"19":1,"20":3},"fnMap":{"1":{"name":"onlySeller","line":25,"loc":{"start":{"line":25,"column":4},"end":{"line":31,"column":4}}},"2":{"name":"onlyDeed","line":33,"loc":{"start":{"line":33,"column":4},"end":{"line":39,"column":4}}},"3":{"name":"requireState","line":41,"loc":{"start":{"line":41,"column":4},"end":{"line":47,"column":4}}},"4":{"name":"requireBeforeDeadline","line":49,"loc":{"start":{"line":49,"column":4},"end":{"line":55,"column":4}}},"5":{"name":"openSaleCount","line":57,"loc":{"start":{"line":57,"column":4},"end":{"line":59,"column":4}}},"6":{"name":"reservedSaleCount","line":61,"loc":{"start":{"line":61,"column":4},"end":{"line":63,"column":4}}},"7":{"name":"completedSaleCount","line":65,"loc":{"start":{"line":65,"column":4},"end":{"line":67,"column":4}}},"8":{"name":"cancelledSaleCount","line":69,"loc":{"start":{"line":69,"column":4},"end":{"line":71,"column":4}}},"9":{"name":"createWholesale","line":73,"loc":{"start":{"line":73,"column":4},"end":{"line":93,"column":4}}},"10":{"name":"createWholesaleEth","line":95,"loc":{"start":{"line":95,"column":4},"end":{"line":113,"column":4}}},"11":{"name":"_createWholesale","line":115,"loc":{"start":{"line":115,"column":4},"end":{"line":141,"column":4}}},"12":{"name":"_canCancel","line":143,"loc":{"start":{"line":143,"column":4},"end":{"line":156,"column":4}}},"13":{"name":"cancelWholesale","line":161,"loc":{"start":{"line":158,"column":4},"end":{"line":189,"column":4}}},"14":{"name":"reserveWholesaleToDeed","line":195,"loc":{"start":{"line":191,"column":4},"end":{"line":198,"column":4}}},"15":{"name":"reserveWholesale","line":204,"loc":{"start":{"line":200,"column":4},"end":{"line":222,"column":4}}},"16":{"name":"cancelReservation","line":228,"loc":{"start":{"line":224,"column":4},"end":{"line":240,"column":4}}},"17":{"name":"executeWholesale","line":248,"loc":{"start":{"line":242,"column":4},"end":{"line":289,"column":4}}},"18":{"name":"getWholesale","line":291,"loc":{"start":{"line":291,"column":4},"end":{"line":298,"column":4}}},"19":{"name":"withdraw","line":304,"loc":{"start":{"line":300,"column":4},"end":{"line":317,"column":4}}},"20":{"name":"_withdraw","line":319,"loc":{"start":{"line":319,"column":4},"end":{"line":326,"column":4}}}},"statementMap":{"1":{"start":{"line":26,"column":8},"end":{"line":26,"column":828}},"2":{"start":{"line":34,"column":8},"end":{"line":34,"column":1026}},"3":{"start":{"line":42,"column":8},"end":{"line":42,"column":1254}},"4":{"start":{"line":50,"column":8},"end":{"line":50,"column":1446}},"5":{"start":{"line":58,"column":8},"end":{"line":58,"column":33}},"6":{"start":{"line":62,"column":8},"end":{"line":62,"column":37}},"7":{"start":{"line":66,"column":8},"end":{"line":66,"column":38}},"8":{"start":{"line":70,"column":8},"end":{"line":70,"column":38}},"9":{"start":{"line":82,"column":8},"end":{"line":82,"column":41}},"10":{"start":{"line":83,"column":8},"end":{"line":83,"column":67}},"11":{"start":{"line":84,"column":8},"end":{"line":84,"column":2460}},"12":{"start":{"line":102,"column":8},"end":{"line":102,"column":44}},"13":{"start":{"line":103,"column":8},"end":{"line":103,"column":41}},"14":{"start":{"line":104,"column":8},"end":{"line":104,"column":2991}},"15":{"start":{"line":124,"column":8},"end":{"line":124,"column":32}},"16":{"start":{"line":125,"column":8},"end":{"line":125,"column":48}},"17":{"start":{"line":126,"column":8},"end":{"line":126,"column":50}},"18":{"start":{"line":127,"column":8},"end":{"line":127,"column":3613}},"19":{"start":{"line":138,"column":8},"end":{"line":138,"column":31}},"20":{"start":{"line":139,"column":8},"end":{"line":139,"column":50}},"21":{"start":{"line":140,"column":8},"end":{"line":140,"column":49}},"22":{"start":{"line":144,"column":8},"end":{"line":144,"column":4226}},"23":{"start":{"line":145,"column":12},"end":{"line":145,"column":23}},"24":{"start":{"line":148,"column":8},"end":{"line":148,"column":4328}},"25":{"start":{"line":149,"column":12},"end":{"line":149,"column":24}},"26":{"start":{"line":152,"column":8},"end":{"line":152,"column":4435}},"27":{"start":{"line":153,"column":12},"end":{"line":153,"column":23}},"28":{"start":{"line":155,"column":8},"end":{"line":155,"column":20}},"29":{"start":{"line":163,"column":8},"end":{"line":163,"column":4675}},"30":{"start":{"line":164,"column":12},"end":{"line":164,"column":49}},"31":{"start":{"line":167,"column":8},"end":{"line":167,"column":61}},"32":{"start":{"line":169,"column":8},"end":{"line":169,"column":61}},"33":{"start":{"line":170,"column":8},"end":{"line":170,"column":4901}},"34":{"start":{"line":174,"column":8},"end":{"line":174,"column":38}},"35":{"start":{"line":176,"column":8},"end":{"line":176,"column":36}},"36":{"start":{"line":177,"column":8},"end":{"line":177,"column":45}},"37":{"start":{"line":178,"column":8},"end":{"line":178,"column":55}},"38":{"start":{"line":180,"column":8},"end":{"line":180,"column":5213}},"39":{"start":{"line":181,"column":12},"end":{"line":181,"column":70}},"40":{"start":{"line":182,"column":12},"end":{"line":182,"column":28}},"41":{"start":{"line":183,"column":15},"end":{"line":183,"column":5371}},"42":{"start":{"line":184,"column":12},"end":{"line":184,"column":5430}},"43":{"start":{"line":187,"column":12},"end":{"line":187,"column":32}},"44":{"start":{"line":197,"column":8},"end":{"line":197,"column":53}},"45":{"start":{"line":206,"column":8},"end":{"line":206,"column":6016}},"46":{"start":{"line":212,"column":8},"end":{"line":212,"column":60}},"47":{"start":{"line":213,"column":8},"end":{"line":213,"column":52}},"48":{"start":{"line":214,"column":8},"end":{"line":214,"column":50}},"49":{"start":{"line":216,"column":8},"end":{"line":216,"column":35}},"50":{"start":{"line":217,"column":8},"end":{"line":217,"column":45}},"51":{"start":{"line":218,"column":8},"end":{"line":218,"column":54}},"52":{"start":{"line":220,"column":8},"end":{"line":220,"column":66}},"53":{"start":{"line":221,"column":8},"end":{"line":221,"column":24}},"54":{"start":{"line":230,"column":8},"end":{"line":230,"column":56}},"55":{"start":{"line":231,"column":8},"end":{"line":231,"column":55}},"56":{"start":{"line":232,"column":8},"end":{"line":232,"column":40}},"57":{"start":{"line":234,"column":8},"end":{"line":234,"column":31}},"58":{"start":{"line":235,"column":8},"end":{"line":235,"column":45}},"59":{"start":{"line":236,"column":8},"end":{"line":236,"column":50}},"60":{"start":{"line":238,"column":8},"end":{"line":238,"column":78}},"61":{"start":{"line":239,"column":8},"end":{"line":239,"column":28}},"62":{"start":{"line":251,"column":8},"end":{"line":251,"column":7484}},"63":{"start":{"line":252,"column":12},"end":{"line":252,"column":7561}},"64":{"start":{"line":256,"column":12},"end":{"line":256,"column":7734}},"65":{"start":{"line":259,"column":12},"end":{"line":259,"column":7845}},"66":{"start":{"line":260,"column":16},"end":{"line":260,"column":50}},"67":{"start":{"line":263,"column":12},"end":{"line":263,"column":69}},"68":{"start":{"line":264,"column":12},"end":{"line":264,"column":8029}},"69":{"start":{"line":270,"column":8},"end":{"line":270,"column":8191}},"70":{"start":{"line":271,"column":12},"end":{"line":271,"column":76}},"71":{"start":{"line":273,"column":12},"end":{"line":273,"column":67}},"72":{"start":{"line":274,"column":12},"end":{"line":274,"column":8431}},"73":{"start":{"line":280,"column":8},"end":{"line":280,"column":61}},"74":{"start":{"line":281,"column":8},"end":{"line":281,"column":75}},"75":{"start":{"line":283,"column":8},"end":{"line":283,"column":36}},"76":{"start":{"line":284,"column":8},"end":{"line":284,"column":45}},"77":{"start":{"line":285,"column":8},"end":{"line":285,"column":55}},"78":{"start":{"line":287,"column":8},"end":{"line":287,"column":78}},"79":{"start":{"line":288,"column":8},"end":{"line":288,"column":28}},"80":{"start":{"line":297,"column":8},"end":{"line":297,"column":36}},"81":{"start":{"line":306,"column":8},"end":{"line":306,"column":9298}},"82":{"start":{"line":310,"column":8},"end":{"line":310,"column":9429}},"83":{"start":{"line":315,"column":8},"end":{"line":315,"column":61}},"84":{"start":{"line":316,"column":8},"end":{"line":316,"column":14}},"85":{"start":{"line":320,"column":8},"end":{"line":320,"column":9744}},"86":{"start":{"line":321,"column":12},"end":{"line":321,"column":47}},"87":{"start":{"line":323,"column":12},"end":{"line":323,"column":38}},"88":{"start":{"line":324,"column":12},"end":{"line":324,"column":45}}},"branchMap":{"1":{"line":26,"type":"if","locations":[{"start":{"line":26,"column":8},"end":{"line":26,"column":8}},{"start":{"line":26,"column":8},"end":{"line":26,"column":8}}]},"2":{"line":34,"type":"if","locations":[{"start":{"line":34,"column":8},"end":{"line":34,"column":8}},{"start":{"line":34,"column":8},"end":{"line":34,"column":8}}]},"3":{"line":42,"type":"if","locations":[{"start":{"line":42,"column":8},"end":{"line":42,"column":8}},{"start":{"line":42,"column":8},"end":{"line":42,"column":8}}]},"4":{"line":50,"type":"if","locations":[{"start":{"line":50,"column":8},"end":{"line":50,"column":8}},{"start":{"line":50,"column":8},"end":{"line":50,"column":8}}]},"5":{"line":144,"type":"if","locations":[{"start":{"line":144,"column":8},"end":{"line":144,"column":8}},{"start":{"line":144,"column":8},"end":{"line":144,"column":8}}]},"6":{"line":148,"type":"if","locations":[{"start":{"line":148,"column":8},"end":{"line":148,"column":8}},{"start":{"line":148,"column":8},"end":{"line":148,"column":8}}]},"7":{"line":152,"type":"if","locations":[{"start":{"line":152,"column":8},"end":{"line":152,"column":8}},{"start":{"line":152,"column":8},"end":{"line":152,"column":8}}]},"8":{"line":163,"type":"if","locations":[{"start":{"line":163,"column":8},"end":{"line":163,"column":8}},{"start":{"line":163,"column":8},"end":{"line":163,"column":8}}]},"9":{"line":180,"type":"if","locations":[{"start":{"line":180,"column":8},"end":{"line":180,"column":8}},{"start":{"line":180,"column":8},"end":{"line":180,"column":8}}]},"10":{"line":183,"type":"if","locations":[{"start":{"line":183,"column":15},"end":{"line":183,"column":15}},{"start":{"line":183,"column":15},"end":{"line":183,"column":15}}]},"11":{"line":206,"type":"if","locations":[{"start":{"line":206,"column":8},"end":{"line":206,"column":8}},{"start":{"line":206,"column":8},"end":{"line":206,"column":8}}]},"12":{"line":251,"type":"if","locations":[{"start":{"line":251,"column":8},"end":{"line":251,"column":8}},{"start":{"line":251,"column":8},"end":{"line":251,"column":8}}]},"13":{"line":252,"type":"if","locations":[{"start":{"line":252,"column":12},"end":{"line":252,"column":12}},{"start":{"line":252,"column":12},"end":{"line":252,"column":12}}]},"14":{"line":259,"type":"if","locations":[{"start":{"line":259,"column":12},"end":{"line":259,"column":12}},{"start":{"line":259,"column":12},"end":{"line":259,"column":12}}]},"15":{"line":270,"type":"if","locations":[{"start":{"line":270,"column":8},"end":{"line":270,"column":8}},{"start":{"line":270,"column":8},"end":{"line":270,"column":8}}]},"16":{"line":320,"type":"if","locations":[{"start":{"line":320,"column":8},"end":{"line":320,"column":8}},{"start":{"line":320,"column":8},"end":{"line":320,"column":8}}]}}}}
