TN:
SF:/Users/serkan/Dev/workspace/coin-deed-contracts/contracts/CoinDeed.sol
FN:54,constructor
FN:86,onlyInState
FN:92,onlyInStates
FN:106,reserveWholesale
FN:120,_checkIfDeedIsReady
FN:132,_stake
FN:140,stake
FN:147,stakeEth
FN:154,stakeDifferentToken
FN:162,editBrokerConfig
FN:166,editRiskMitigation
FN:170,editExecutionTime
FN:174,editBasicInfo
FN:180,exitDeed
FN:195,edit
FN:203,cancel
FN:209,withDrawStake
FN:216,buyInEth
FN:227,buyIn
FN:233,buyInDifferentToken
FN:238,_buyIn
FN:244,payOffEth
FN:249,payOffDifferentToken
FN:254,payOff
FN:258,_payOff
FN:273,buy
FN:312,claimBalance
FN:342,claimManagementFee
FN:356,_managementFee
FN:360,_managementFeeForSender
FN:364,changeLeverage
FN:368,_edit
FN:375,_editExecutionTime
FN:381,_editRiskMitigation
FN:387,_editBrokerConfig
FN:394,_swapToDeedCoin
FN:398,_swapTokenToToken
FN:410,_swapEthToDeedCoin
FN:414,_swapEthToToken
FNF:39
FNH:30
FNDA:30,constructor
FNDA:35,onlyInState
FNDA:3,onlyInStates
FNDA:2,reserveWholesale
FNDA:44,_checkIfDeedIsReady
FNDA:44,_stake
FNDA:13,stake
FNDA:1,stakeEth
FNDA:1,stakeDifferentToken
FNDA:1,editBrokerConfig
FNDA:2,editRiskMitigation
FNDA:2,editExecutionTime
FNDA:1,editBasicInfo
FNDA:1,exitDeed
FNDA:3,edit
FNDA:2,cancel
FNDA:2,withDrawStake
FNDA:2,buyInEth
FNDA:2,buyIn
FNDA:1,buyInDifferentToken
FNDA:5,_buyIn
FNDA:0,payOffEth
FNDA:0,payOffDifferentToken
FNDA:0,payOff
FNDA:0,_payOff
FNDA:1,buy
FNDA:0,claimBalance
FNDA:0,claimManagementFee
FNDA:0,_managementFee
FNDA:0,_managementFeeForSender
FNDA:0,changeLeverage
FNDA:34,_edit
FNDA:35,_editExecutionTime
FNDA:35,_editRiskMitigation
FNDA:4,_editBrokerConfig
FNDA:1,_swapToDeedCoin
FNDA:2,_swapTokenToToken
FNDA:1,_swapEthToDeedCoin
FNDA:2,_swapEthToToken
DA:64,30
DA:65,30
DA:67,30
DA:68,30
DA:70,30
DA:71,30
DA:72,30
DA:73,30
DA:74,30
DA:76,30
DA:77,30
DA:78,30
DA:79,30
DA:81,30
DA:82,30
DA:87,35
DA:88,33
DA:94,3
DA:96,3
DA:97,6
DA:98,2
DA:101,3
DA:102,2
DA:107,2
DA:109,2
DA:110,2
DA:112,2
DA:113,2
DA:114,2
DA:116,2
DA:117,2
DA:122,44
DA:123,44
DA:124,44
DA:125,44
DA:126,44
DA:127,9
DA:128,9
DA:133,44
DA:134,44
DA:135,44
DA:136,44
DA:141,13
DA:143,12
DA:144,12
DA:148,1
DA:150,1
DA:151,1
DA:155,1
DA:157,1
DA:158,1
DA:163,1
DA:167,2
DA:171,2
DA:175,1
DA:176,1
DA:182,1
DA:183,1
DA:184,1
DA:185,1
DA:186,1
DA:197,3
DA:198,3
DA:199,3
DA:200,3
DA:204,2
DA:205,2
DA:206,2
DA:210,2
DA:211,2
DA:212,2
DA:217,2
DA:218,1
DA:219,1
DA:221,1
DA:222,1
DA:228,2
DA:229,2
DA:230,2
DA:234,1
DA:235,1
DA:239,5
DA:240,5
DA:241,5
DA:245,0
DA:246,0
DA:250,0
DA:251,0
DA:255,0
DA:259,0
DA:260,0
DA:261,0
DA:262,0
DA:263,0
DA:264,0
DA:266,0
DA:267,0
DA:268,0
DA:270,0
DA:274,1
DA:276,1
DA:277,1
DA:278,1
DA:279,1
DA:282,1
DA:283,0
DA:284,0
DA:286,0
DA:287,0
DA:289,0
DA:294,1
DA:295,0
DA:296,0
DA:298,0
DA:303,1
DA:304,0
DA:306,1
DA:308,1
DA:309,1
DA:313,0
DA:316,0
DA:317,0
DA:320,0
DA:323,0
DA:324,0
DA:329,0
DA:330,0
DA:331,0
DA:333,0
DA:337,0
DA:338,0
DA:339,0
DA:343,0
DA:345,0
DA:347,0
DA:349,0
DA:351,0
DA:352,0
DA:353,0
DA:357,0
DA:361,0
DA:369,34
DA:370,34
DA:371,34
DA:376,35
DA:377,35
DA:378,34
DA:382,35
DA:384,34
DA:388,4
DA:389,4
DA:391,4
DA:395,1
DA:399,2
DA:400,2
DA:401,2
DA:402,2
DA:403,2
DA:404,2
DA:406,2
DA:407,2
DA:411,1
DA:415,2
DA:416,2
DA:417,2
DA:419,2
DA:420,2
LF:167
LH:121
BRDA:87,1,0,33
BRDA:87,1,1,2
BRDA:97,2,0,2
BRDA:97,2,1,4
BRDA:101,3,0,2
BRDA:101,3,1,1
BRDA:107,4,0,2
BRDA:107,4,1,0
BRDA:112,5,0,2
BRDA:112,5,1,0
BRDA:113,6,0,2
BRDA:113,6,1,0
BRDA:114,7,0,2
BRDA:114,7,1,0
BRDA:126,8,0,9
BRDA:126,8,1,35
BRDA:141,9,0,12
BRDA:141,9,1,1
BRDA:148,10,0,1
BRDA:148,10,1,0
BRDA:155,11,0,1
BRDA:155,11,1,0
BRDA:175,12,0,1
BRDA:175,12,1,0
BRDA:210,13,0,2
BRDA:210,13,1,0
BRDA:217,14,0,1
BRDA:217,14,1,1
BRDA:259,15,0,0
BRDA:259,15,1,0
BRDA:274,16,0,1
BRDA:274,16,1,0
BRDA:277,17,0,1
BRDA:277,17,1,0
BRDA:282,18,0,0
BRDA:282,18,1,1
BRDA:283,19,0,0
BRDA:283,19,1,0
BRDA:294,20,0,0
BRDA:294,20,1,1
BRDA:295,21,0,0
BRDA:295,21,1,0
BRDA:303,22,0,0
BRDA:303,22,1,1
BRDA:323,23,0,0
BRDA:323,23,1,0
BRDA:329,24,0,0
BRDA:329,24,1,0
BRDA:343,25,0,0
BRDA:343,25,1,0
BRDA:347,26,0,0
BRDA:347,26,1,0
BRDA:376,27,0,35
BRDA:376,27,1,0
BRDA:377,28,0,34
BRDA:377,28,1,1
BRDA:382,29,0,34
BRDA:382,29,1,1
BRDA:388,30,0,4
BRDA:388,30,1,0
BRF:60
BRH:31
end_of_record
TN:
SF:/Users/serkan/Dev/workspace/coin-deed-contracts/contracts/CoinDeedFactory.sol
FN:32,constructor
FN:44,createDeed
FN:102,openDeedCount
FN:106,completedDeedCount
FN:110,pendingDeedCount
FN:117,setMaxLeverage
FN:122,emitStakeAdded
FN:133,emitStateChanged
FN:142,emitDeedCanceled
FN:151,emitSwapExecuted
FN:160,emitBuyIn
FN:171,emitExitDeed
FN:182,emitPayOff
FN:193,emitLeverageChanged
FN:202,emitBrokersEnabled
FNF:15
FNH:9
FNDA:12,constructor
FNDA:30,createDeed
FNDA:0,openDeedCount
FNDA:0,completedDeedCount
FNDA:2,pendingDeedCount
FNDA:1,setMaxLeverage
FNDA:44,emitStakeAdded
FNDA:10,emitStateChanged
FNDA:0,emitDeedCanceled
FNDA:0,emitSwapExecuted
FNDA:5,emitBuyIn
FNDA:1,emitExitDeed
FNDA:0,emitPayOff
FNDA:0,emitLeverageChanged
FNDA:4,emitBrokersEnabled
DA:33,12
DA:34,12
DA:35,12
DA:37,12
DA:38,12
DA:39,12
DA:55,30
DA:59,30
DA:63,30
DA:67,30
DA:71,30
DA:75,30
DA:89,30
DA:90,30
DA:91,30
DA:92,30
DA:93,30
DA:94,30
DA:96,30
DA:97,2
DA:103,0
DA:107,0
DA:111,2
DA:119,1
DA:126,44
DA:136,10
DA:145,0
DA:154,0
DA:164,5
DA:175,1
DA:186,0
DA:196,0
DA:203,4
LF:33
LH:27
BRDA:55,1,0,30
BRDA:55,1,1,0
BRDA:59,2,0,30
BRDA:59,2,1,0
BRDA:63,3,0,30
BRDA:63,3,1,0
BRDA:67,4,0,30
BRDA:67,4,1,0
BRDA:71,5,0,30
BRDA:71,5,1,0
BRDA:96,6,0,2
BRDA:96,6,1,28
BRF:12
BRH:7
end_of_record
TN:
SF:/Users/serkan/Dev/workspace/coin-deed-contracts/contracts/interface/ICoinDeed.sol
FNF:0
FNH:0
LF:0
LH:0
BRF:0
BRH:0
end_of_record
TN:
SF:/Users/serkan/Dev/workspace/coin-deed-contracts/contracts/interface/ICoinDeedFactory.sol
FNF:0
FNH:0
LF:0
LH:0
BRF:0
BRH:0
end_of_record
TN:
SF:/Users/serkan/Dev/workspace/coin-deed-contracts/contracts/interface/IUniswapV2Factory.sol
FNF:0
FNH:0
LF:0
LH:0
BRF:0
BRH:0
end_of_record
TN:
SF:/Users/serkan/Dev/workspace/coin-deed-contracts/contracts/interface/IUniswapV2Router02.sol
FNF:0
FNH:0
LF:0
LH:0
BRF:0
BRH:0
end_of_record
TN:
SF:/Users/serkan/Dev/workspace/coin-deed-contracts/contracts/interface/IWholesaleFactory.sol
FNF:0
FNH:0
LF:0
LH:0
BRF:0
BRH:0
end_of_record
TN:
SF:/Users/serkan/Dev/workspace/coin-deed-contracts/contracts/test/DummyERC20.sol
FN:9,constructor
FN:14,mint
FNF:2
FNH:2
FNDA:156,constructor
FNDA:50,mint
DA:10,156
DA:11,156
DA:15,50
LF:3
LH:3
BRF:0
BRH:0
end_of_record
TN:
SF:/Users/serkan/Dev/workspace/coin-deed-contracts/contracts/Token.sol
FN:13,constructor
FN:21,mint
FN:26,burn
FNF:3
FNH:3
FNDA:18,constructor
FNDA:4,mint
FNDA:2,burn
DA:14,18
DA:15,18
DA:16,18
DA:17,18
DA:18,18
DA:22,4
DA:27,2
LF:7
LH:7
BRF:0
BRH:0
end_of_record
TN:
SF:/Users/serkan/Dev/workspace/coin-deed-contracts/contracts/WholesaleFactory.sol
FN:25,onlySeller
FN:33,onlyDeed
FN:41,requireState
FN:49,requireBeforeDeadline
FN:57,openSaleCount
FN:61,reservedSaleCount
FN:65,completedSaleCount
FN:69,cancelledSaleCount
FN:73,createWholesale
FN:95,createWholesaleEth
FN:115,_createWholesale
FN:143,_canCancel
FN:161,cancelWholesale
FN:195,reserveWholesaleToDeed
FN:204,reserveWholesale
FN:228,cancelReservation
FN:248,executeWholesale
FN:291,getWholesale
FN:304,withdraw
FN:319,_withdraw
FNF:20
FNH:19
FNDA:13,onlySeller
FNDA:5,onlyDeed
FNDA:27,requireState
FNDA:18,requireBeforeDeadline
FNDA:10,openSaleCount
FNDA:5,reservedSaleCount
FNDA:0,completedSaleCount
FNDA:2,cancelledSaleCount
FNDA:23,createWholesale
FNDA:3,createWholesaleEth
FNDA:26,_createWholesale
FNDA:3,_canCancel
FNDA:3,cancelWholesale
FNDA:1,reserveWholesaleToDeed
FNDA:13,reserveWholesale
FNDA:1,cancelReservation
FNDA:4,executeWholesale
FNDA:9,getWholesale
FNDA:1,withdraw
FNDA:3,_withdraw
DA:26,13
DA:30,9
DA:34,5
DA:38,4
DA:42,27
DA:46,22
DA:50,18
DA:54,17
DA:58,10
DA:62,5
DA:66,0
DA:70,2
DA:82,23
DA:83,23
DA:84,23
DA:102,3
DA:103,3
DA:104,3
DA:124,26
DA:125,26
DA:126,26
DA:127,26
DA:138,26
DA:139,26
DA:140,26
DA:144,3
DA:145,1
DA:148,2
DA:149,0
DA:152,2
DA:153,1
DA:155,1
DA:163,3
DA:164,1
DA:167,2
DA:169,2
DA:170,2
DA:174,2
DA:176,2
DA:177,2
DA:178,2
DA:180,2
DA:181,1
DA:182,1
DA:184,1
DA:187,1
DA:197,1
DA:206,13
DA:212,13
DA:213,13
DA:214,13
DA:216,13
DA:217,13
DA:218,13
DA:220,13
DA:221,13
DA:230,1
DA:231,1
DA:232,1
DA:234,1
DA:235,1
DA:236,1
DA:238,1
DA:239,1
DA:251,4
DA:252,0
DA:256,0
DA:259,0
DA:260,0
DA:263,4
DA:264,4
DA:270,4
DA:271,1
DA:273,3
DA:274,3
DA:280,4
DA:281,4
DA:283,4
DA:284,4
DA:285,4
DA:287,4
DA:288,4
DA:297,9
DA:306,1
DA:310,1
DA:315,1
DA:316,1
DA:320,3
DA:321,0
DA:323,3
DA:324,3
LF:91
LH:84
BRDA:26,1,0,9
BRDA:26,1,1,4
BRDA:34,2,0,4
BRDA:34,2,1,1
BRDA:42,3,0,22
BRDA:42,3,1,5
BRDA:50,4,0,17
BRDA:50,4,1,1
BRDA:144,5,0,1
BRDA:144,5,1,2
BRDA:148,6,0,0
BRDA:148,6,1,2
BRDA:152,7,0,1
BRDA:152,7,1,1
BRDA:163,8,0,1
BRDA:163,8,1,2
BRDA:180,9,0,1
BRDA:180,9,1,1
BRDA:183,10,0,1
BRDA:183,10,1,0
BRDA:206,11,0,13
BRDA:206,11,1,0
BRDA:251,12,0,0
BRDA:251,12,1,4
BRDA:252,13,0,0
BRDA:252,13,1,0
BRDA:259,14,0,0
BRDA:259,14,1,0
BRDA:270,15,0,1
BRDA:270,15,1,3
BRDA:320,16,0,0
BRDA:320,16,1,3
BRF:32
BRH:23
end_of_record
